Sun Aug 29 11:33:34 CST 2021
Sun Aug 29 11:36:58 CST 2021
Sun Aug 29 16:23:25 CST 2021
Mon Aug 30 16:24:35 CST 2021
Tue Aug 31 16:24:33 CST 2021
Wed Sep  1 16:26:47 CST 2021
Thu Sep  2 16:24:44 CST 2021
Fri Sep  3 16:24:47 CST 2021
Sat Sep  4 16:23:41 CST 2021
Sun Sep  5 16:24:03 CST 2021
Mon Sep  6 16:24:59 CST 2021
Tue Sep  7 16:24:48 CST 2021
Wed Sep  8 16:24:38 CST 2021
Thu Sep  9 16:24:58 CST 2021
Fri Sep 10 16:24:36 CST 2021
Sat Sep 11 16:23:47 CST 2021
Sun Sep 12 16:23:23 CST 2021
Mon Sep 13 16:24:58 CST 2021
Tue Sep 14 16:24:57 CST 2021
Wed Sep 15 16:24:46 CST 2021
Thu Sep 16 16:24:42 CST 2021
Fri Sep 17 16:24:59 CST 2021
Sat Sep 18 16:23:44 CST 2021
Sun Sep 19 16:23:35 CST 2021
Mon Sep 20 16:25:05 CST 2021
Tue Sep 21 16:25:13 CST 2021
Wed Sep 22 16:24:49 CST 2021
Thu Sep 23 16:25:05 CST 2021
Fri Sep 24 16:25:00 CST 2021
Sat Sep 25 16:23:48 CST 2021
Sun Sep 26 16:23:46 CST 2021
Mon Sep 27 16:25:35 CST 2021
Tue Sep 28 16:25:13 CST 2021
Wed Sep 29 16:24:56 CST 2021
Thu Sep 30 16:24:45 CST 2021
Fri Oct  1 16:25:04 CST 2021
Sat Oct  2 16:24:03 CST 2021
Sun Oct  3 16:23:50 CST 2021
Mon Oct  4 16:25:36 CST 2021
Tue Oct  5 16:26:03 CST 2021
Wed Oct  6 16:25:10 CST 2021
Thu Oct  7 16:25:31 CST 2021
Fri Oct  8 16:25:52 CST 2021
Sat Oct  9 16:23:58 CST 2021
Sun Oct 10 16:24:11 CST 2021
Mon Oct 11 16:25:25 CST 2021
Tue Oct 12 16:25:36 CST 2021
Thu Oct 14 16:25:17 CST 2021
Fri Oct 15 16:25:37 CST 2021
Sat Oct 16 16:24:06 CST 2021
Sun Oct 17 16:24:24 CST 2021
Mon Oct 18 16:25:56 CST 2021
Tue Oct 19 16:25:34 CST 2021
Wed Oct 20 16:25:32 CST 2021
Thu Oct 21 16:25:57 CST 2021
Fri Oct 22 16:25:54 CST 2021
Sat Oct 23 16:24:50 CST 2021
Sun Oct 24 16:24:58 CST 2021
Mon Oct 25 16:26:04 CST 2021
Tue Oct 26 16:26:16 CST 2021
Wed Oct 27 16:25:59 CST 2021
Thu Oct 28 16:25:38 CST 2021
Fri Oct 29 16:26:03 CST 2021
Sat Oct 30 16:25:21 CST 2021
Sun Oct 31 16:25:03 CST 2021
Mon Nov  1 16:26:21 CST 2021
Tue Nov  2 16:26:27 CST 2021
Wed Nov  3 16:26:05 CST 2021
Thu Nov  4 16:25:56 CST 2021
Fri Nov  5 16:25:59 CST 2021
Sat Nov  6 16:25:11 CST 2021
Sun Nov  7 16:25:12 CST 2021
Mon Nov  8 16:26:34 CST 2021
Tue Nov  9 16:26:31 CST 2021
Wed Nov 10 16:26:11 CST 2021
Thu Nov 11 16:26:29 CST 2021
Fri Nov 12 16:26:17 CST 2021
Sat Nov 13 16:25:29 CST 2021
Sun Nov 14 16:25:17 CST 2021
Mon Nov 15 16:26:58 CST 2021
Tue Nov 16 16:26:48 CST 2021
Wed Nov 17 16:26:10 CST 2021
Thu Nov 18 16:26:16 CST 2021
Fri Nov 19 16:26:27 CST 2021
Sat Nov 20 16:25:49 CST 2021
Sun Nov 21 16:25:46 CST 2021
Mon Nov 22 16:26:51 CST 2021
Tue Nov 23 16:26:45 CST 2021
Wed Nov 24 16:26:27 CST 2021
Thu Nov 25 16:26:38 CST 2021
Fri Nov 26 16:26:29 CST 2021
Sat Nov 27 16:26:02 CST 2021
Sun Nov 28 16:25:33 CST 2021
Mon Nov 29 16:27:06 CST 2021
Tue Nov 30 16:22:23 CST 2021
Wed Dec  1 16:26:53 CST 2021
Thu Dec  2 16:26:48 CST 2021
Fri Dec  3 16:27:02 CST 2021
Sat Dec  4 16:27:14 CST 2021
Sun Dec  5 16:26:13 CST 2021
Mon Dec  6 16:27:34 CST 2021
Tue Dec  7 16:28:35 CST 2021
Wed Dec  8 16:27:40 CST 2021
Thu Dec  9 16:30:09 CST 2021
Fri Dec 10 16:27:15 CST 2021
Sat Dec 11 16:26:18 CST 2021
Sun Dec 12 16:26:12 CST 2021
Mon Dec 13 16:27:10 CST 2021
Tue Dec 14 16:27:56 CST 2021
Wed Dec 15 16:26:57 CST 2021
Thu Dec 16 16:27:14 CST 2021
Fri Dec 17 16:27:14 CST 2021
Sat Dec 18 16:26:48 CST 2021
Sun Dec 19 16:27:03 CST 2021
Mon Dec 20 16:28:34 CST 2021
Tue Dec 21 16:28:26 CST 2021
Wed Dec 22 16:28:15 CST 2021
Thu Dec 23 16:28:05 CST 2021
Fri Dec 24 16:28:03 CST 2021
Sat Dec 25 16:27:16 CST 2021
Sun Dec 26 16:26:59 CST 2021
Mon Dec 27 16:29:09 CST 2021
Tue Dec 28 16:28:22 CST 2021
Wed Dec 29 16:28:03 CST 2021
Thu Dec 30 16:28:09 CST 2021
Fri Dec 31 16:28:00 CST 2021
Sat Jan  1 16:27:31 CST 2022
Sun Jan  2 16:27:16 CST 2022
Mon Jan  3 16:28:32 CST 2022
Tue Jan  4 16:28:31 CST 2022
Wed Jan  5 16:28:05 CST 2022
Thu Jan  6 16:28:36 CST 2022
Fri Jan  7 16:28:01 CST 2022
Sat Jan  8 16:27:49 CST 2022
Sun Jan  9 16:27:47 CST 2022
Mon Jan 10 16:29:12 CST 2022
Tue Jan 11 16:28:19 CST 2022
Wed Jan 12 16:28:26 CST 2022
Thu Jan 13 16:28:37 CST 2022
Fri Jan 14 16:28:50 CST 2022
Sat Jan 15 16:27:57 CST 2022
Sun Jan 16 16:27:36 CST 2022
Mon Jan 17 16:29:37 CST 2022
